2017-12-20 16:06:32,927 INFO  [Log] TC001 [ Login_BVA ]  
2017-12-20 16:06:40,484 INFO  [Log] Started Application - got through certificate error 
2017-12-20 16:06:43,263 INFO  [Log] Logged into BVA 
2017-12-20 16:06:43,718 INFO  [Log] -- 
2017-12-20 16:06:43,720 INFO  [Log] TC001 [ Choose_From_Menu ]  
2017-12-20 16:06:45,248 INFO  [Log] Manual Entry=>SEPA=>Manual Entry CCTI - menu option chosen & [ Create a Credit Transfer Initiation ] displayed. 
2017-12-20 16:06:45,418 INFO  [Log] -- 
2017-12-20 16:06:45,419 INFO  [Log] TC001 [ Search_And_Load_Template ]  
2017-12-20 16:06:50,138 INFO  [Log] Found Account data [ AIP LONDON LIMITED ] in the table. 
2017-12-20 16:06:50,297 INFO  [Log] Found Account data [ USD ] in the table. 
2017-12-20 16:06:50,362 INFO  [Log] Found Account data [ F10143729-USD-20000 ] in the table. 
2017-12-20 16:06:50,429 INFO  [Log] Found Account data [ GB08MHCB40506910143729 ] in the table. 
2017-12-20 16:06:50,486 INFO  [Log] Found Account data [ 539459 ] in the table. 
2017-12-20 16:06:50,571 INFO  [Log] Found Account data [ ACTIVE ] in the table. 
2017-12-20 16:06:50,631 INFO  [Log] Found Account data [ CURRENT ] in the table. 
2017-12-20 16:06:50,698 INFO  [Log] Found Account data [  ] in the table. 
2017-12-20 16:06:50,755 INFO  [Log] Found Account data [ Mizuho London ] in the table. 
2017-12-20 16:06:50,822 INFO  [Log] Found Account data [  ] in the table. 
2017-12-20 16:06:50,967 INFO  [Log] Found Account data [ AIP LONDON LIMITED ] in the table. 
2017-12-20 16:06:51,023 INFO  [Log] Found Account data [ JPY ] in the table. 
2017-12-20 16:06:51,079 INFO  [Log] Found Account data [ F10261331-JPY-20000 ] in the table. 
2017-12-20 16:06:51,229 INFO  [Log] Found Account data [ GB49MHCB40506910261331 ] in the table. 
2017-12-20 16:06:51,286 INFO  [Log] Found Account data [ 539459 ] in the table. 
2017-12-20 16:06:51,343 INFO  [Log] Found Account data [ ACTIVE ] in the table. 
2017-12-20 16:06:51,407 INFO  [Log] Found Account data [ CURRENT ] in the table. 
2017-12-20 16:06:51,473 INFO  [Log] Found Account data [  ] in the table. 
2017-12-20 16:06:51,557 INFO  [Log] Found Account data [ Mizuho London ] in the table. 
2017-12-20 16:06:51,623 INFO  [Log] Found Account data [  ] in the table. 
2017-12-20 16:06:51,767 INFO  [Log] Found Account data [ AIP LONDON LIMITED ] in the table. 
2017-12-20 16:06:51,824 INFO  [Log] Found Account data [ EUR ] in the table. 
2017-12-20 16:06:51,881 INFO  [Log] Found Account data [ F10804139-EUR-20000 ] in the table. 
2017-12-20 16:06:51,948 INFO  [Log] Found Account data [ GB60MHCB40506910804139 ] in the table. 
2017-12-20 16:06:52,005 INFO  [Log] Found Account data [ 539459 ] in the table. 
2017-12-20 16:06:52,062 INFO  [Log] Found Account data [ ACTIVE ] in the table. 
2017-12-20 16:06:52,119 INFO  [Log] Found Account data [ CURRENT ] in the table. 
2017-12-20 16:06:52,186 INFO  [Log] Found Account data [  ] in the table. 
2017-12-20 16:06:52,244 INFO  [Log] Found Account data [ Mizuho London ] in the table. 
2017-12-20 16:06:52,311 INFO  [Log] Found Account data [  ] in the table. 
2017-12-20 16:06:52,484 INFO  [Log] Found Account data [ AIP LONDON LIMITED ] in the table. 
2017-12-20 16:06:52,541 INFO  [Log] Found Account data [ GBP ] in the table. 
2017-12-20 16:06:52,598 INFO  [Log] Found Account data [ H10085442-GBP-20000 ] in the table. 
2017-12-20 16:06:52,665 INFO  [Log] Found Account data [ GB29MHCB40506910085442 ] in the table. 
2017-12-20 16:06:52,722 INFO  [Log] Found Account data [ 539459 ] in the table. 
2017-12-20 16:06:52,779 INFO  [Log] Found Account data [ ACTIVE ] in the table. 
2017-12-20 16:06:52,836 INFO  [Log] Found Account data [ CURRENT ] in the table. 
2017-12-20 16:06:52,903 INFO  [Log] Found Account data [  ] in the table. 
2017-12-20 16:06:52,960 INFO  [Log] Found Account data [ Mizuho London ] in the table. 
2017-12-20 16:06:53,027 INFO  [Log] Found Account data [  ] in the table. 
2017-12-20 16:06:53,620 INFO  [Log] -- 
2017-12-20 16:06:53,621 INFO  [Log] TC001 [ Choose_Customer_IBAN ]  
2017-12-20 16:06:55,712 INFO  [Log] Found & Chose Customer IBAN [ GB60MHCB40506910804139 ]. 
2017-12-20 16:06:58,736 INFO  [Log] -- 
2017-12-20 16:06:58,737 INFO  [Log] TC001 [ Validate_And_Enrich_Debit_Party ]  
2017-12-20 16:06:58,857 INFO  [Log] Passed - [ Name ] equals expected value of [ AIP LONDON LIMITED ]. 
2017-12-20 16:06:59,076 ERROR [Log] Failed - expected value [ P & CO  CHARTERED ACCOUNTANTS ] for field [  Address_Line_1 ]. Instead found [  ]. Please check. 
2017-12-20 16:06:59,302 ERROR [Log] Failed - expected value [ UNIT 13 ] for field [  Address_Line_2 ]. Instead found [  ]. Please check. 
2017-12-20 16:07:11,991 ERROR [Log] Failed - expected value [ United Kingdom ] for field [  Country ]. Instead found [ GB ]. Please check. 
2017-12-20 16:07:12,244 ERROR [Log] Failed - expected value [ GB60MHCB40506910804139 ] for field [  IBAN ]. Instead found [  ]. Please check. 
2017-12-20 16:07:13,956 INFO  [Log] -- 
2017-12-20 16:07:13,958 INFO  [Log] TC001 [ Transaction_Information ]  
2017-12-20 16:07:13,959 INFO  [Log] -- 
2017-12-20 16:07:13,961 INFO  [Log] TC001 [ Enter_Credit_Party ]  
2017-12-20 16:07:13,962 INFO  [Log] -- 
2017-12-20 16:07:13,964 INFO  [Log] TC001 [ Enter_Credit_Party_Agent ]  
2017-12-20 16:07:13,965 INFO  [Log] -- 
2017-12-20 16:07:13,967 INFO  [Log] TC001 [ Enter_Remittance_Information ]  
2017-12-20 16:07:13,969 INFO  [Log] -- 
2017-12-20 16:07:13,970 INFO  [Log] TC001 [ Add_And_Verify_Transaction_Summary ]  
2017-12-20 16:07:13,972 INFO  [Log] -- 
2017-12-20 16:07:13,973 INFO  [Log] TC001 [ Save_Transaction_And_Capture_Instruction ]  
2017-12-20 16:07:13,975 INFO  [Log] -- 
2017-12-20 16:07:13,976 INFO  [Log] TC001 [ Choose_From_Menu ]  
2017-12-20 16:07:13,978 INFO  [Log] -- 
2017-12-20 16:07:13,979 INFO  [Log] TC001 [ Verify_Instruction_Details ]  
2017-12-20 16:07:13,981 INFO  [Log] -- 
2017-12-20 16:07:13,982 INFO  [Log] TC001 [ Approve_Worklist_Item_And_Submit ]  
2017-12-20 16:07:13,984 INFO  [Log] -- 
2017-12-20 16:07:13,985 INFO  [Log] TC001 [ Verify_Transaction_Table ]  
2017-12-20 16:07:13,987 INFO  [Log] -- 
2017-12-20 16:07:13,988 INFO  [Log] TC001 [ Verify_Instruction_History ]  
2017-12-20 16:07:13,990 INFO  [Log] -- 
2017-12-20 16:07:13,991 INFO  [Log] TC001 [ Verify_Transaction_Details ]  
2017-12-20 16:07:13,993 INFO  [Log] -- 
2017-12-20 16:07:13,994 INFO  [Log] TC001 [ Verify_Transaction_History ]  
2017-12-20 16:07:13,996 INFO  [Log] -- 
2017-12-20 16:07:13,997 INFO  [Log] TC001 [ Logout_BVA ]  
2017-12-20 16:07:14,242 INFO  [Log] Clicked on the Logout button 
2017-12-20 16:07:14,244 INFO  [Log] -- 
