2017-12-20 16:10:05,512 INFO  [Log] TC001 [ Login_BVA ]  
2017-12-20 16:10:13,018 INFO  [Log] Started Application - got through certificate error 
2017-12-20 16:10:15,586 INFO  [Log] Logged into BVA 
2017-12-20 16:10:15,848 INFO  [Log] -- 
2017-12-20 16:10:15,850 INFO  [Log] TC001 [ Choose_From_Menu ]  
2017-12-20 16:10:17,101 INFO  [Log] Manual Entry=>SEPA=>Manual Entry CCTI - menu option chosen & [ Create a Credit Transfer Initiation ] displayed. 
2017-12-20 16:10:17,418 INFO  [Log] -- 
2017-12-20 16:10:17,420 INFO  [Log] TC001 [ Search_And_Load_Template ]  
2017-12-20 16:10:21,919 INFO  [Log] Found Account data [ AIP LONDON LIMITED ] in the table. 
2017-12-20 16:10:22,074 INFO  [Log] Found Account data [ USD ] in the table. 
2017-12-20 16:10:22,131 INFO  [Log] Found Account data [ F10143729-USD-20000 ] in the table. 
2017-12-20 16:10:22,198 INFO  [Log] Found Account data [ GB08MHCB40506910143729 ] in the table. 
2017-12-20 16:10:22,263 INFO  [Log] Found Account data [ 539459 ] in the table. 
2017-12-20 16:10:22,320 INFO  [Log] Found Account data [ ACTIVE ] in the table. 
2017-12-20 16:10:22,380 INFO  [Log] Found Account data [ CURRENT ] in the table. 
2017-12-20 16:10:22,448 INFO  [Log] Found Account data [  ] in the table. 
2017-12-20 16:10:22,504 INFO  [Log] Found Account data [ Mizuho London ] in the table. 
2017-12-20 16:10:22,570 INFO  [Log] Found Account data [  ] in the table. 
2017-12-20 16:10:22,714 INFO  [Log] Found Account data [ AIP LONDON LIMITED ] in the table. 
2017-12-20 16:10:22,780 INFO  [Log] Found Account data [ JPY ] in the table. 
2017-12-20 16:10:22,836 INFO  [Log] Found Account data [ F10261331-JPY-20000 ] in the table. 
2017-12-20 16:10:22,902 INFO  [Log] Found Account data [ GB49MHCB40506910261331 ] in the table. 
2017-12-20 16:10:22,958 INFO  [Log] Found Account data [ 539459 ] in the table. 
2017-12-20 16:10:23,014 INFO  [Log] Found Account data [ ACTIVE ] in the table. 
2017-12-20 16:10:23,070 INFO  [Log] Found Account data [ CURRENT ] in the table. 
2017-12-20 16:10:23,136 INFO  [Log] Found Account data [  ] in the table. 
2017-12-20 16:10:23,192 INFO  [Log] Found Account data [ Mizuho London ] in the table. 
2017-12-20 16:10:23,258 INFO  [Log] Found Account data [  ] in the table. 
2017-12-20 16:10:23,459 INFO  [Log] Found Account data [ AIP LONDON LIMITED ] in the table. 
2017-12-20 16:10:23,516 INFO  [Log] Found Account data [ EUR ] in the table. 
2017-12-20 16:10:23,572 INFO  [Log] Found Account data [ F10804139-EUR-20000 ] in the table. 
2017-12-20 16:10:23,648 INFO  [Log] Found Account data [ GB60MHCB40506910804139 ] in the table. 
2017-12-20 16:10:23,775 INFO  [Log] Found Account data [ 539459 ] in the table. 
2017-12-20 16:10:23,832 INFO  [Log] Found Account data [ ACTIVE ] in the table. 
2017-12-20 16:10:23,888 INFO  [Log] Found Account data [ CURRENT ] in the table. 
2017-12-20 16:10:23,944 INFO  [Log] Found Account data [  ] in the table. 
2017-12-20 16:10:24,001 INFO  [Log] Found Account data [ Mizuho London ] in the table. 
2017-12-20 16:10:24,067 INFO  [Log] Found Account data [  ] in the table. 
2017-12-20 16:10:24,219 INFO  [Log] Found Account data [ AIP LONDON LIMITED ] in the table. 
2017-12-20 16:10:24,275 INFO  [Log] Found Account data [ GBP ] in the table. 
2017-12-20 16:10:24,340 INFO  [Log] Found Account data [ H10085442-GBP-20000 ] in the table. 
2017-12-20 16:10:24,406 INFO  [Log] Found Account data [ GB29MHCB40506910085442 ] in the table. 
2017-12-20 16:10:24,470 INFO  [Log] Found Account data [ 539459 ] in the table. 
2017-12-20 16:10:24,527 INFO  [Log] Found Account data [ ACTIVE ] in the table. 
2017-12-20 16:10:24,582 INFO  [Log] Found Account data [ CURRENT ] in the table. 
2017-12-20 16:10:24,638 INFO  [Log] Found Account data [  ] in the table. 
2017-12-20 16:10:24,693 INFO  [Log] Found Account data [ Mizuho London ] in the table. 
2017-12-20 16:10:24,759 INFO  [Log] Found Account data [  ] in the table. 
2017-12-20 16:10:25,007 INFO  [Log] -- 
2017-12-20 16:10:25,009 INFO  [Log] TC001 [ Choose_Customer_IBAN ]  
2017-12-20 16:10:27,139 INFO  [Log] Found & Chose Customer IBAN [ GB60MHCB40506910804139 ]. 
2017-12-20 16:10:29,757 INFO  [Log] -- 
2017-12-20 16:10:29,759 INFO  [Log] TC001 [ Validate_And_Enrich_Debit_Party ]  
2017-12-20 16:10:29,871 INFO  [Log] Passed - [ Name ] equals expected value of [ AIP LONDON LIMITED ]. 
2017-12-20 16:10:30,120 ERROR [Log] Failed - expected value [ P & CO  CHARTERED ACCOUNTANTS ] for field [  Address_Line_1 ]. Instead found [ P & CO  CHARTERED ACCOUNTANTS, LOND ]. Please check. 
2017-12-20 16:10:30,325 ERROR [Log] Failed - expected value [ UNIT 13 ] for field [  Address_Line_2 ]. Instead found [ UNIT 13, 2 ARTICHOKE HILL ]. Please check. 
2017-12-20 16:10:42,173 INFO  [Log] Passed - [  Country ] equals expected value of [ United Kingdom ]. 
2017-12-20 16:10:42,307 INFO  [Log] Passed - [  IBAN ] equals expected value of [ GB60MHCB40506910804139 ]. 
2017-12-20 16:10:44,639 INFO  [Log] -- 
2017-12-20 16:10:44,640 INFO  [Log] TC001 [ Transaction_Information ]  
2017-12-20 16:10:44,642 INFO  [Log] -- 
2017-12-20 16:10:44,643 INFO  [Log] TC001 [ Enter_Credit_Party ]  
2017-12-20 16:10:44,645 INFO  [Log] -- 
2017-12-20 16:10:44,646 INFO  [Log] TC001 [ Enter_Credit_Party_Agent ]  
2017-12-20 16:10:44,648 INFO  [Log] -- 
2017-12-20 16:10:44,649 INFO  [Log] TC001 [ Enter_Remittance_Information ]  
2017-12-20 16:10:44,651 INFO  [Log] -- 
2017-12-20 16:10:44,652 INFO  [Log] TC001 [ Add_And_Verify_Transaction_Summary ]  
2017-12-20 16:10:44,654 INFO  [Log] -- 
2017-12-20 16:10:44,655 INFO  [Log] TC001 [ Save_Transaction_And_Capture_Instruction ]  
2017-12-20 16:10:44,657 INFO  [Log] -- 
2017-12-20 16:10:44,658 INFO  [Log] TC001 [ Choose_From_Menu ]  
2017-12-20 16:10:44,660 INFO  [Log] -- 
2017-12-20 16:10:44,661 INFO  [Log] TC001 [ Verify_Instruction_Details ]  
2017-12-20 16:10:44,663 INFO  [Log] -- 
2017-12-20 16:10:44,664 INFO  [Log] TC001 [ Approve_Worklist_Item_And_Submit ]  
2017-12-20 16:10:44,666 INFO  [Log] -- 
2017-12-20 16:10:44,668 INFO  [Log] TC001 [ Verify_Transaction_Table ]  
2017-12-20 16:10:44,669 INFO  [Log] -- 
2017-12-20 16:10:44,671 INFO  [Log] TC001 [ Verify_Instruction_History ]  
2017-12-20 16:10:44,672 INFO  [Log] -- 
2017-12-20 16:10:44,674 INFO  [Log] TC001 [ Verify_Transaction_Details ]  
2017-12-20 16:10:44,675 INFO  [Log] -- 
2017-12-20 16:10:44,677 INFO  [Log] TC001 [ Verify_Transaction_History ]  
2017-12-20 16:10:44,678 INFO  [Log] -- 
2017-12-20 16:10:44,680 INFO  [Log] TC001 [ Logout_BVA ]  
2017-12-20 16:10:44,897 INFO  [Log] Clicked on the Logout button 
2017-12-20 16:10:44,899 INFO  [Log] -- 
